d:\visual studio projects\game engine\coursework_p16212626\lab5\temp\debug\vc141.pdb
d:\visual studio projects\game engine\coursework_p16212626\lab5\temp\debug\vc141.idb
d:\visual studio projects\game engine\coursework_p16212626\lab5\“temp\debug\src\sizedenvironmentobject.obj
d:\visual studio projects\game engine\coursework_p16212626\lab5\“temp\debug\src\staticenvironmentobject.obj
d:\visual studio projects\game engine\coursework_p16212626\lab5\“temp\debug\src\scenehandlerobject.obj
d:\visual studio projects\game engine\coursework_p16212626\lab5\“temp\debug\src\scenecomponent.obj
d:\visual studio projects\game engine\coursework_p16212626\lab5\“temp\debug\src\scene.obj
d:\visual studio projects\game engine\coursework_p16212626\lab5\“temp\debug\src\modelmanager.obj
d:\visual studio projects\game engine\coursework_p16212626\lab5\“temp\debug\src\model.obj
d:\visual studio projects\game engine\coursework_p16212626\lab5\“temp\debug\src\mesh.obj
d:\visual studio projects\game engine\coursework_p16212626\lab5\“temp\debug\src\main.obj
d:\visual studio projects\game engine\coursework_p16212626\lab5\“temp\debug\src\jsoncpp.obj
d:\visual studio projects\game engine\coursework_p16212626\lab5\“temp\debug\src\glfw_enginecore.obj
d:\visual studio projects\game engine\coursework_p16212626\lab5\“temp\debug\src\duckgame.obj
d:\visual studio projects\game engine\coursework_p16212626\lab5\“temp\debug\src\wigglyenvironmentobject.obj
d:\visual studio projects\game engine\coursework_p16212626\lab5\“temp\debug\src\rotatingenvironmentobject.obj
d:\visual studio projects\game engine\coursework_p16212626\lab5\“temp\debug\src\backgroundobject.obj
d:\visual studio projects\game engine\coursework_p16212626\lab5\temp\debug\lab5.tlog\cl.command.1.tlog
d:\visual studio projects\game engine\coursework_p16212626\lab5\temp\debug\lab5.tlog\cl.read.1.tlog
d:\visual studio projects\game engine\coursework_p16212626\lab5\temp\debug\lab5.tlog\cl.write.1.tlog
